TRACE [Thread-2] (Util.java:92) - setRaw with comp: {05340cf2-0421-4676-aca2-9b0c4f77146a}.controller, type: Real, indices: [0, 3], values: [254.00000000000006, 37.00000000000001]
TRACE [Thread-2] (CoeSimulator.scala:144) - Calculating stepsize
TRACE [Thread-2] (BasicFixedStepSizeCalculator.scala:25) - Calculating the stepsize for the fixed step size calculator
TRACE [Thread-2] (CoeSimulator.scala:242) - Calling doStep
TRACE [Thread-2] (Util.java:176) - getRaw real, comp: {94874951-8049-4bed-a719-067e97f77eb4}.body indices: [186, 187, 188, 189]
TRACE [Thread-2] (Util.java:180) - getRaw real, comp: {94874951-8049-4bed-a719-067e97f77eb4}.body indices: [186, 187, 188, 189] got values: [-0.01996223868474801, 0.13624879519564498, 0.13772801163655352, 0.0]
TRACE [Thread-2] (Util.java:176) - getRaw real, comp: {05340cf2-0421-4676-aca2-9b0c4f77146a}.controller indices: [1, 2]
TRACE [Thread-2] (Util.java:180) - getRaw real, comp: {05340cf2-0421-4676-aca2-9b0c4f77146a}.controller indices: [1, 2] got values: [0.1, -0.5]
TRACE [Thread-2] (Util.java:176) - getRaw real, comp: {09870916-25e8-4dd6-9f73-e77f5cad4edb}.sensor2 indices: [503511]
TRACE [Thread-2] (Util.java:180) - getRaw real, comp: {09870916-25e8-4dd6-9f73-e77f5cad4edb}.sensor2 indices: [503511] got values: [31.000000000000007]
TRACE [Thread-2] (Util.java:176) - getRaw real, comp: {9737bfcb-3243-4f09-ac5c-9ac4872e3d94}.sensor1 indices: [503511]
TRACE [Thread-2] (Util.java:180) - getRaw real, comp: {9737bfcb-3243-4f09-ac5c-9ac4872e3d94}.sensor1 indices: [503511] got values: [255.00000000000006]
 INFO [Thread-2] (CoeSimulator.scala:179) - DoStep at: 4.240999999999751 Completed with: ok
 INFO [Thread-2] (CoeSimulator.scala:182) - Freeing serilized states from: 4.240999999999751
TRACE [Thread-2] (CoeSimulator.scala:185) - Map({94874951-8049-4bed-a719-067e97f77eb4}.body -> Time 4.240999999999751, StateId null, Derivatives null, StateMap(robot_z -> 0.0, robot_theta -> -0.01996223868474801, robot_x -> 0.13624879519564498, robot_y -> 0.13772801163655352), {05340cf2-0421-4676-aca2-9b0c4f77146a}.controller -> Time 4.240999999999751, StateId null, Derivatives null, StateMap(servoRightVal -> -0.5, servoLeftVal -> 0.1), {09870916-25e8-4dd6-9f73-e77f5cad4edb}.sensor2 -> Time 4.240999999999751, StateId null, Derivatives null, StateMap(lf_1_sensor_reading -> 31.000000000000007), {9737bfcb-3243-4f09-ac5c-9ac4872e3d94}.sensor1 -> Time 4.240999999999751, StateId null, Derivatives null, StateMap(lf_1_sensor_reading -> 255.00000000000006))
TRACE [Thread-2] (CoeSimulator.scala:133) - Estimage derivatives to min order 2
TRACE [Thread-2] (CoeSimulator.scala:136) - Resolving inputs for doStep
TRACE [Thread-2] (CoeSimulator.scala:139) - Setting inputs
TRACE [Thread-2] (Util.java:92) - setRaw with comp: {9737bfcb-3243-4f09-ac5c-9ac4872e3d94}.sensor1, type: Real, indices: [503512, 503513, 503514, 503515], values: [-0.01996223868474801, 0.13624879519564498, 0.13772801163655352, 0.0]
TRACE [Thread-2] (Util.java:92) - setRaw with comp: {09870916-25e8-4dd6-9f73-e77f5cad4edb}.sensor2, type: Real, indices: [503512, 503513, 503514, 503515], values: [-0.01996223868474801, 0.13624879519564498, 0.13772801163655352, 0.0]
TRACE [Thread-2] (Util.java:92) - setRaw with comp: {94874951-8049-4bed-a719-067e97f77eb4}.body, type: Real, indices: [193, 194], values: [0.1, -0.5]
TRACE [Thread-2] (Util.java:92) - setRaw with comp: {05340cf2-0421-4676-aca2-9b0c4f77146a}.controller, type: Real, indices: [0, 3], values: [255.00000000000006, 31.000000000000007]
TRACE [Thread-2] (CoeSimulator.scala:144) - Calculating stepsize
TRACE [Thread-2] (BasicFixedStepSizeCalculator.scala:25) - Calculating the stepsize for the fixed step size calculator
TRACE [Thread-2] (CoeSimulator.scala:242) - Calling doStep
TRACE [Thread-2] (Util.java:176) - getRaw real, comp: {94874951-8049-4bed-a719-067e97f77eb4}.body indices: [186, 187, 188, 189]
TRACE [Thread-2] (Util.java:180) - getRaw real, comp: {94874951-8049-4bed-a719-067e97f77eb4}.body indices: [186, 187, 188, 189] got values: [-0.019448783157546782, 0.13624033966737079, 0.13777985782508462, 0.0]
TRACE [Thread-2] (Util.java:176) - getRaw real, comp: {05340cf2-0421-4676-aca2-9b0c4f77146a}.controller indices: [1, 2]
TRACE [Thread-2] (Util.java:180) - getRaw real, comp: {05340cf2-0421-4676-aca2-9b0c4f77146a}.controller indices: [1, 2] got values: [0.1, -0.5]
TRACE [Thread-2] (Util.java:176) - getRaw real, comp: {09870916-25e8-4dd6-9f73-e77f5cad4edb}.sensor2 indices: [503511]
TRACE [Thread-2] (Util.java:180) - getRaw real, comp: {09870916-25e8-4dd6-9f73-e77f5cad4edb}.sensor2 indices: [503511] got values: [31.000000000000007]
TRACE [Thread-2] (Util.java:176) - getRaw real, comp: {9737bfcb-3243-4f09-ac5c-9ac4872e3d94}.sensor1 indices: [503511]
TRACE [Thread-2] (Util.java:180) - getRaw real, comp: {9737bfcb-3243-4f09-ac5c-9ac4872e3d94}.sensor1 indices: [503511] got values: [255.00000000000006]
 INFO [Thread-2] (CoeSimulator.scala:179) - DoStep at: 4.241999999999751 Completed with: ok
 INFO [Thread-2] (CoeSimulator.scala:182) - Freeing serilized states from: 4.241999999999751
TRACE [Thread-2] (CoeSimulator.scala:185) - Map({94874951-8049-4bed-a719-067e97f77eb4}.body -> Time 4.241999999999751, StateId null, Derivatives null, StateMap(robot_z -> 0.0, robot_theta -> -0.019448783157546782, robot_x -> 0.13624033966737079, robot_y -> 0.13777985782508462), {05340cf2-0421-4676-aca2-9b0c4f77146a}.controller -> Time 4.241999999999751, StateId null, Derivatives null, StateMap(servoRightVal -> -0.5, servoLeftVal -> 0.1), {09870916-25e8-4dd6-9f73-e77f5cad4edb}.sensor2 -> Time 4.241999999999751, StateId null, Derivatives null, StateMap(lf_1_sensor_reading -> 31.000000000000007), {9737bfcb-3243-4f09-ac5c-9ac4872e3d94}.sensor1 -> Time 4.241999999999751, StateId null, Derivatives null, StateMap(lf_1_sensor_reading -> 255.00000000000006))
TRACE [Thread-2] (CoeSimulator.scala:133) - Estimage derivatives to min order 2
TRACE [Thread-2] (CoeSimulator.scala:136) - Resolving inputs for doStep
TRACE [Thread-2] (CoeSimulator.scala:139) - Setting inputs
TRACE [Thread-2] (Util.java:92) - setRaw with comp: {9737bfcb-3243-4f09-ac5c-9ac4872e3d94}.sensor1, type: Real, indices: [503512, 503513, 503514, 503515], values: [-0.019448783157546782, 0.13624033966737079, 0.13777985782508462, 0.0]
TRACE [Thread-2] (Util.java:92) - setRaw with comp: {09870916-25e8-4dd6-9f73-e77f5cad4edb}.sensor2, type: Real, indices: [503512, 503513, 503514, 503515], values: [-0.019448783157546782, 0.13624033966737079, 0.13777985782508462, 0.0]
TRACE [Thread-2] (Util.java:92) - setRaw with comp: {94874951-8049-4bed-a719-067e97f77eb4}.body, type: Real, indices: [193, 194], values: [0.1, -0.5]
TRACE [Thread-2] (Util.java:92) - setRaw with comp: {05340cf2-0421-4676-aca2-9b0c4f77146a}.controller, type: Real, indices: [0, 3], values: [255.00000000000006, 31.000000000000007]
TRACE [Thread-2] (CoeSimulator.scala:144) - Calculating stepsize
TRACE [Thread-2] (BasicFixedStepSizeCalculator.scala:25) - Calculating the stepsize for the fixed step size calculator
TRACE [Thread-2] (CoeSimulator.scala:242) - Calling doStep
TRACE [Thread-2] (Util.java:176) - getRaw real, comp: {94874951-8049-4bed-a719-067e97f77eb4}.body indices: [186, 187, 188, 189]
TRACE [Thread-2] (Util.java:180) - getRaw real, comp: {94874951-8049-4bed-a719-067e97f77eb4}.body indices: [186, 187, 188, 189] got values: [-0.018926440128232656, 0.13623169325245144, 0.13783170297949243, 0.0]
TRACE [Thread-2] (Util.java:176) - getRaw real, comp: {05340cf2-0421-4676-aca2-9b0c4f77146a}.controller indices: [1, 2]
TRACE [Thread-2] (Util.java:180) - getRaw real, comp: {05340cf2-0421-4676-aca2-9b0c4f77146a}.controller indices: [1, 2] got values: [0.1, -0.5]
TRACE [Thread-2] (Util.java:176) - getRaw real, comp: {09870916-25e8-4dd6-9f73-e77f5cad4edb}.sensor2 indices: [503511]
TRACE [Thread-2] (Util.java:180) - getRaw real, comp: {09870916-25e8-4dd6-9f73-e77f5cad4edb}.sensor2 indices: [503511] got values: [31.000000000000007]
TRACE [Thread-2] (Util.java:176) - getRaw real, comp: {9737bfcb-3243-4f09-ac5c-9ac4872e3d94}.sensor1 indices: [503511]
TRACE [Thread-2] (Util.java:180) - getRaw real, comp: {9737bfcb-3243-4f09-ac5c-9ac4872e3d94}.sensor1 indices: [503511] got values: [255.00000000000006]
 INFO [Thread-2] (CoeSimulator.scala:179) - DoStep at: 4.242999999999752 Completed with: ok
 INFO [Thread-2] (CoeSimulator.scala:182) - Freeing serilized states from: 4.242999999999752
TRACE [Thread-2] (CoeSimulator.scala:185) - Map({94874951-8049-4bed-a719-067e97f77eb4}.body -> Time 4.242999999999752, StateId null, Derivatives null, StateMap(robot_z -> 0.0, robot_theta -> -0.018926440128232656, robot_x -> 0.13623169325245144, robot_y -> 0.13783170297949243), {05340cf2-0421-4676-aca2-9b0c4f77146a}.controller -> Time 4.242999999999752, StateId null, Derivatives null, StateMap(servoRightVal -> -0.5, servoLeftVal -> 0.1), {09870916-25e8-4dd6-9f73-e77f5cad4edb}.sensor2 -> Time 4.242999999999752, StateId null, Derivatives null, StateMap(lf_1_sensor_reading -> 31.000000000000007), {9737bfcb-3243-4f09-ac5c-9ac4872e3d94}.sensor1 -> Time 4.242999999999752, StateId null, Derivatives null, StateMap(lf_1_sensor_reading -> 255.00000000000006))
TRACE [Thread-2] (CoeSimulator.scala:133) - Estimage derivatives to min order 2
TRACE [Thread-2] (CoeSimulator.scala:136) - Resolving inputs for doStep
TRACE [Thread-2] (CoeSimulator.scala:139) - Setting inputs
TRACE [Thread-2] (Util.java:92) - setRaw with comp: {9737bfcb-3243-4f09-ac5c-9ac4872e3d94}.sensor1, type: Real, indices: [503512, 503513, 503514, 503515], values: [-0.018926440128232656, 0.13623169325245144, 0.13783170297949243, 0.0]
TRACE [Thread-2] (Util.java:92) - setRaw with comp: {09870916-25e8-4dd6-9f73-e77f5cad4edb}.sensor2, type: Real, indices: [503512, 503513, 503514, 503515], values: [-0.018926440128232656, 0.13623169325245144, 0.13783170297949243, 0.0]
TRACE [Thread-2] (Util.java:92) - setRaw with comp: {94874951-8049-4bed-a719-067e97f77eb4}.body, type: Real, indices: [193, 194], values: [0.1, -0.5]
TRACE [Thread-2] (Util.java:92) - setRaw with comp: {05340cf2-0421-4676-aca2-9b0c4f77146a}.controller, type: Real, indices: [0, 3], values: [255.00000000000006, 31.000000000000007]
TRACE [Thread-2] (CoeSimulator.scala:144) - Calculating stepsize
TRACE [Thread-2] (BasicFixedStepSizeCalculator.scala:25) - Calculating the stepsize for the fixed step size calculator
TRACE [Thread-2] (CoeSimulator.scala:242) - Calling doStep
TRACE [Thread-2] (Util.java:176) - getRaw real, comp: {94874951-8049-4bed-a719-067e97f77eb4}.body indices: [186, 187, 188, 189]
TRACE [Thread-2] (Util.java:180) - getRaw real, comp: {94874951-8049-4bed-a719-067e97f77eb4}.body indices: [186, 187, 188, 189] got values: [-0.01839562632781477, 0.13622286319145627, 0.1378835466857926, 0.0]
TRACE [Thread-2] (Util.java:176) - getRaw real, comp: {05340cf2-0421-4676-aca2-9b0c4f77146a}.controller indices: [1, 2]
TRACE [Thread-2] (Util.java:180) - getRaw real, comp: {05340cf2-0421-4676-aca2-9b0c4f77146a}.controller indices: [1, 2] got values: [0.1, -0.5]
TRACE [Thread-2] (Util.java:176) - getRaw real, comp: {09870916-25e8-4dd6-9f73-e77f5cad4edb}.sensor2 indices: [503511]
TRACE [Thread-2] (Util.java:180) - getRaw real, comp: {09870916-25e8-4dd6-9f73-e77f5cad4edb}.sensor2 indices: [503511] got values: [31.000000000000007]
TRACE [Thread-2] (Util.java:176) - getRaw real, comp: {9737bfcb-3243-4f09-ac5c-9ac4872e3d94}.sensor1 indices: [503511]
TRACE [Thread-2] (Util.java:180) - getRaw real, comp: {9737bfcb-3243-4f09-ac5c-9ac4872e3d94}.sensor1 indices: [503511] got values: [255.00000000000006]
 INFO [Thread-2] (CoeSimulator.scala:179) - DoStep at: 4.243999999999752 Completed with: ok
 INFO [Thread-2] (CoeSimulator.scala:182) - Freeing serilized states from: 4.243999999999752
TRACE [Thread-2] (CoeSimulator.scala:185) - Map({94874951-8049-4bed-a719-067e97f77eb4}.body -> Time 4.243999999999752, StateId null, Derivatives null, StateMap(robot_z -> 0.0, robot_theta -> -0.01839562632781477, robot_x -> 0.13622286319145627, robot_y -> 0.1378835466857926), {05340cf2-0421-4676-aca2-9b0c4f77146a}.controller -> Time 4.243999999999752, StateId null, Derivatives null, StateMap(servoRightVal -> -0.5, servoLeftVal -> 0.1), {09870916-25e8-4dd6-9f73-e77f5cad4edb}.sensor2 -> Time 4.243999999999752, StateId null, Derivatives null, StateMap(lf_1_sensor_reading -> 31.000000000000007), {9737bfcb-3243-4f09-ac5c-9ac4872e3d94}.sensor1 -> Time 4.243999999999752, StateId null, Derivatives null, StateMap(lf_1_sensor_reading -> 255.00000000000006))
TRACE [Thread-2] (CoeSimulator.scala:133) - Estimage derivatives to min order 2
TRACE [Thread-2] (CoeSimulator.scala:136) - Resolving inputs for doStep
TRACE [Thread-2] (CoeSimulator.scala:139) - Setting inputs
TRACE [Thread-2] (Util.java:92) - setRaw with comp: {9737bfcb-3243-4f09-ac5c-9ac4872e3d94}.sensor1, type: Real, indices: [503512, 503513, 503514, 503515], values: [-0.01839562632781477, 0.13622286319145627, 0.1378835466857926, 0.0]
TRACE [Thread-2] (Util.java:92) - setRaw with comp: {09870916-25e8-4dd6-9f73-e77f5cad4edb}.sensor2, type: Real, indices: [503512, 503513, 503514, 503515], values: [-0.01839562632781477, 0.13622286319145627, 0.1378835466857926, 0.0]
TRACE [Thread-2] (Util.java:92) - setRaw with comp: {94874951-8049-4bed-a719-067e97f77eb4}.body, type: Real, indices: [193, 194], values: [0.1, -0.5]
TRACE [Thread-2] (Util.java:92) - setRaw with comp: {05340cf2-0421-4676-aca2-9b0c4f77146a}.controller, type: Real, indices: [0, 3], values: [255.00000000000006, 31.000000000000007]
TRACE [Thread-2] (CoeSimulator.scala:144) - Calculating stepsize
TRACE [Thread-2] (BasicFixedStepSizeCalculator.scala:25) - Calculating the stepsize for the fixed step size calculator
TRACE [Thread-2] (CoeSimulator.scala:242) - Calling doStep
TRACE [Thread-2] (Util.java:176) - getRaw real, comp: {94874951-8049-4bed-a719-067e97f77eb4}.body indices: [186, 187, 188, 189]
TRACE [Thread-2] (Util.java:180) - getRaw real, comp: {94874951-8049-4bed-a719-067e97f77eb4}.body indices: [186, 187, 188, 189] got values: [-0.017856738943968605, 0.1362138563857491, 0.1379353885477625, 0.0]
TRACE [Thread-2] (Util.java:176) - getRaw real, comp: {05340cf2-0421-4676-aca2-9b0c4f77146a}.controller indices: [1, 2]
TRACE [Thread-2] (Util.java:180) - getRaw real, comp: {05340cf2-0421-4676-aca2-9b0c4f77146a}.controller indices: [1, 2] got values: [0.1, -0.5]
TRACE [Thread-2] (Util.java:176) - getRaw real, comp: {09870916-25e8-4dd6-9f73-e77f5cad4edb}.sensor2 indices: [503511]
TRACE [Thread-2] (Util.java:180) - getRaw real, comp: {09870916-25e8-4dd6-9f73-e77f5cad4edb}.sensor2 indices: [503511] got values: [31.000000000000007]
TRACE [Thread-2] (Util.java:176) - getRaw real, comp: {9737bfcb-3243-4f09-ac5c-9ac4872e3d94}.sensor1 indices: [503511]
TRACE [Thread-2] (Util.java:180) - getRaw real, comp: {9737bfcb-3243-4f09-ac5c-9ac4872e3d94}.sensor1 indices: [503511] got values: [255.00000000000006]
 INFO [Thread-2] (CoeSimulator.scala:179) - DoStep at: 4.244999999999752 Completed with: ok
 INFO [Thread-2] (CoeSimulator.scala:182) - Freeing serilized states from: 4.244999999999752
TRACE [Thread-2] (CoeSimulator.scala:185) - Map({94874951-8049-4bed-a719-067e97f77eb4}.body -> Time 4.244999999999752, StateId null, Derivatives null, StateMap(robot_z -> 0.0, robot_theta -> -0.017856738943968605, robot_x -> 0.1362138563857491, robot_y -> 0.1379353885477625), {05340cf2-0421-4676-aca2-9b0c4f77146a}.controller -> Time 4.244999999999752, StateId null, Derivatives null, StateMap(servoRightVal -> -0.5, servoLeftVal -> 0.1), {09870916-25e8-4dd6-9f73-e77f5cad4edb}.sensor2 -> Time 4.244999999999752, StateId null, Derivatives null, StateMap(lf_1_sensor_reading -> 31.000000000000007), {9737bfcb-3243-4f09-ac5c-9ac4872e3d94}.sensor1 -> Time 4.244999999999752, StateId null, Derivatives null, StateMap(lf_1_sensor_reading -> 255.00000000000006))
TRACE [Thread-2] (CoeSimulator.scala:133) - Estimage derivatives to min order 2
TRACE [Thread-2] (CoeSimulator.scala:136) - Resolving inputs for doStep
TRACE [Thread-2] (CoeSimulator.scala:139) - Setting inputs
TRACE [Thread-2] (Util.java:92) - setRaw with comp: {9737bfcb-3243-4f09-ac5c-9ac4872e3d94}.sensor1, type: Real, indices: [503512, 503513, 503514, 503515], values: [-0.017856738943968605, 0.1362138563857491, 0.1379353885477625, 0.0]
TRACE [Thread-2] (Util.java:92) - setRaw with comp: {09870916-25e8-4dd6-9f73-e77f5cad4edb}.sensor2, type: Real, indices: [503512, 503513, 503514, 503515], values: [-0.017856738943968605, 0.1362138563857491, 0.1379353885477625, 0.0]
TRACE [Thread-2] (Util.java:92) - setRaw with comp: {94874951-8049-4bed-a719-067e97f77eb4}.body, type: Real, indices: [193, 194], values: [0.1, -0.5]
TRACE [Thread-2] (Util.java:92) - setRaw with comp: {05340cf2-0421-4676-aca2-9b0c4f77146a}.controller, type: Real, indices: [0, 3], values: [255.00000000000006, 31.000000000000007]
TRACE [Thread-2] (CoeSimulator.scala:144) - Calculating stepsize
TRACE [Thread-2] (BasicFixedStepSizeCalculator.scala:25) - Calculating the stepsize for the fixed step size calculator
TRACE [Thread-2] (CoeSimulator.scala:242) - Calling doStep
TRACE [Thread-2] (Util.java:176) - getRaw real, comp: {94874951-8049-4bed-a719-067e97f77eb4}.body indices: [186, 187, 188, 189]
TRACE [Thread-2] (Util.java:180) - getRaw real, comp: {94874951-8049-4bed-a719-067e97f77eb4}.body indices: [186, 187, 188, 189] got values: [-0.017310156538812245, 0.13620467941342773, 0.13798722818637138, 0.0]
TRACE [Thread-2] (Util.java:176) - getRaw real, comp: {05340cf2-0421-4676-aca2-9b0c4f77146a}.controller indices: [1, 2]
TRACE [Thread-2] (Util.java:180) - getRaw real, comp: {05340cf2-0421-4676-aca2-9b0c4f77146a}.controller indices: [1, 2] got values: [0.1, -0.5]
TRACE [Thread-2] (Util.java:176) - getRaw real, comp: {09870916-25e8-4dd6-9f73-e77f5cad4edb}.sensor2 indices: [503511]
TRACE [Thread-2] (Util.java:180) - getRaw real, comp: {09870916-25e8-4dd6-9f73-e77f5cad4edb}.sensor2 indices: [503511] got values: [31.000000000000007]
TRACE [Thread-2] (Util.java:176) - getRaw real, comp: {9737bfcb-3243-4f09-ac5c-9ac4872e3d94}.sensor1 indices: [503511]
TRACE [Thread-2] (Util.java:180) - getRaw real, comp: {9737bfcb-3243-4f09-ac5c-9ac4872e3d94}.sensor1 indices: [503511] got values: [255.00000000000006]
 INFO [Thread-2] (CoeSimulator.scala:179) - DoStep at: 4.245999999999753 Completed with: ok
 INFO [Thread-2] (CoeSimulator.scala:182) - Freeing serilized states from: 4.245999999999753
TRACE [Thread-2] (CoeSimulator.scala:185) - Map({94874951-8049-4bed-a719-067e97f77eb4}.body -> Time 4.245999999999753, StateId null, Derivatives null, StateMap(robot_z -> 0.0, robot_theta -> -0.017310156538812245, robot_x -> 0.13620467941342773, robot_y -> 0.13798722818637138), {05340cf2-0421-4676-aca2-9b0c4f77146a}.controller -> Time 4.245999999999753, StateId null, Derivatives null, StateMap(servoRightVal -> -0.5, servoLeftVal -> 0.1), {09870916-25e8-4dd6-9f73-e77f5cad4edb}.sensor2 -> Time 4.245999999999753, StateId null, Derivatives null, StateMap(lf_1_sensor_reading -> 31.000000000000007), {9737bfcb-3243-4f09-ac5c-9ac4872e3d94}.sensor1 -> Time 4.245999999999753, StateId null, Derivatives null, StateMap(lf_1_sensor_reading -> 255.00000000000006))
TRACE [Thread-2] (CoeSimulator.scala:133) - Estimage derivatives to min order 2
TRACE [Thread-2] (CoeSimulator.scala:136) - Resolving inputs for doStep
TRACE [Thread-2] (CoeSimulator.scala:139) - Setting inputs
TRACE [Thread-2] (Util.java:92) - setRaw with comp: {9737bfcb-3243-4f09-ac5c-9ac4872e3d94}.sensor1, type: Real, indices: [503512, 503513, 503514, 503515], values: [-0.017310156538812245, 0.13620467941342773, 0.13798722818637138, 0.0]
TRACE [Thread-2] (Util.java:92) - setRaw with comp: {09870916-25e8-4dd6-9f73-e77f5cad4edb}.sensor2, type: Real, indices: [503512, 503513, 503514, 503515], values: [-0.017310156538812245, 0.13620467941342773, 0.13798722818637138, 0.0]
TRACE [Thread-2] (Util.java:92) - setRaw with comp: {94874951-8049-4bed-a719-067e97f77eb4}.body, type: Real, indices: [193, 194], values: [0.1, -0.5]
TRACE [Thread-2] (Util.java:92) - setRaw with comp: {05340cf2-0421-4676-aca2-9b0c4f77146a}.controller, type: Real, indices: [0, 3], values: [255.00000000000006, 31.000000000000007]
TRACE [Thread-2] (CoeSimulator.scala:144) - Calculating stepsize
TRACE [Thread-2] (BasicFixedStepSizeCalculator.scala:25) - Calculating the stepsize for the fixed step size calculator
TRACE [Thread-2] (CoeSimulator.scala:242) - Calling doStep
TRACE [Thread-2] (Util.java:176) - getRaw real, comp: {94874951-8049-4bed-a719-067e97f77eb4}.body indices: [186, 187, 188, 189]
TRACE [Thread-2] (Util.java:180) - getRaw real, comp: {94874951-8049-4bed-a719-067e97f77eb4}.body indices: [186, 187, 188, 189] got values: [-0.016756239923054958, 0.13619533854450383, 0.13803906523920478, 0.0]
TRACE [Thread-2] (Util.java:176) - getRaw real, comp: {05340cf2-0421-4676-aca2-9b0c4f77146a}.controller indices: [1, 2]
TRACE [Thread-2] (Util.java:180) - getRaw real, comp: {05340cf2-0421-4676-aca2-9b0c4f77146a}.controller indices: [1, 2] got values: [0.1, -0.5]
TRACE [Thread-2] (Util.java:176) - getRaw real, comp: {09870916-25e8-4dd6-9f73-e77f5cad4edb}.sensor2 indices: [503511]
TRACE [Thread-2] (Util.java:180) - getRaw real, comp: {09870916-25e8-4dd6-9f73-e77f5cad4edb}.sensor2 indices: [503511] got values: [31.000000000000007]
TRACE [Thread-2] (Util.java:176) - getRaw real, comp: {9737bfcb-3243-4f09-ac5c-9ac4872e3d94}.sensor1 indices: [503511]
TRACE [Thread-2] (Util.java:180) - getRaw real, comp: {9737bfcb-3243-4f09-ac5c-9ac4872e3d94}.sensor1 indices: [503511] got values: [255.00000000000006]
 INFO [Thread-2] (CoeSimulator.scala:179) - DoStep at: 4.246999999999753 Completed with: ok
 INFO [Thread-2] (CoeSimulator.scala:182) - Freeing serilized states from: 4.246999999999753
TRACE [Thread-2] (CoeSimulator.scala:185) - Map({94874951-8049-4bed-a719-067e97f77eb4}.body -> Time 4.246999999999753, StateId null, Derivatives null, StateMap(robot_z -> 0.0, robot_theta -> -0.016756239923054958, robot_x -> 0.13619533854450383, robot_y -> 0.13803906523920478), {05340cf2-0421-4676-aca2-9b0c4f77146a}.controller -> Time 4.246999999999753, StateId null, Derivatives null, StateMap(servoRightVal -> -0.5, servoLeftVal -> 0.1), {09870916-25e8-4dd6-9f73-e77f5cad4edb}.sensor2 -> Time 4.246999999999753, StateId null, Derivatives null, StateMap(lf_1_sensor_reading -> 31.000000000000007), {9737bfcb-3243-4f09-ac5c-9ac4872e3d94}.sensor1 -> Time 4.246999999999753, StateId null, Derivatives null, StateMap(lf_1_sensor_reading -> 255.00000000000006))
TRACE [Thread-2] (CoeSimulator.scala:133) - Estimage derivatives to min order 2
TRACE [Thread-2] (CoeSimulator.scala:136) - Resolving inputs for doStep
TRACE [Thread-2] (CoeSimulator.scala:139) - Setting inputs
TRACE [Thread-2] (Util.java:92) - setRaw with comp: {9737bfcb-3243-4f09-ac5c-9ac4872e3d94}.sensor1, type: Real, indices: [503512, 503513, 503514, 503515], values: [-0.016756239923054958, 0.13619533854450383, 0.13803906523920478, 0.0]
TRACE [Thread-2] (Util.java:92) - setRaw with comp: {09870916-25e8-4dd6-9f73-e77f5cad4edb}.sensor2, type: Real, indices: [503512, 503513, 503514, 503515], values: [-0.016756239923054958, 0.13619533854450383, 0.13803906523920478, 0.0]
TRACE [Thread-2] (Util.java:92) - setRaw with comp: {94874951-8049-4bed-a719-067e97f77eb4}.body, type: Real, indices: [193, 194], values: [0.1, -0.5]
TRACE [Thread-2] (Util.java:92) - setRaw with comp: {05340cf2-0421-4676-aca2-9b0c4f77146a}.controller, type: Real, indices: [0, 3], values: [255.00000000000006, 31.000000000000007]
TRACE [Thread-2] (CoeSimulator.scala:144) - Calculating stepsize
TRACE [Thread-2] (BasicFixedStepSizeCalculator.scala:25) - Calculating the stepsize for the fixed step size calculator
TRACE [Thread-2] (CoeSimulator.scala:242) - Calling doStep
TRACE [Thread-2] (Util.java:176) - getRaw real, comp: {94874951-8049-4bed-a719-067e97f77eb4}.body indices: [186, 187, 188, 189]
TRACE [Thread-2] (Util.java:180) - getRaw real, comp: {94874951-8049-4bed-a719-067e97f77eb4}.body indices: [186, 187, 188, 189] got values: [-0.016195332988814218, 0.13618583975536316, 0.13809089935988483, 0.0]
TRACE [Thread-2] (Util.java:176) - getRaw real, comp: {05340cf2-0421-4676-aca2-9b0c4f77146a}.controller indices: [1, 2]
TRACE [Thread-2] (Util.java:180) - getRaw real, comp: {05340cf2-0421-4676-aca2-9b0c4f77146a}.controller indices: [1, 2] got values: [0.1, -0.5]
TRACE [Thread-2] (Util.java:176) - getRaw real, comp: {09870916-25e8-4dd6-9f73-e77f5cad4edb}.sensor2 indices: [503511]
TRACE [Thread-2] (Util.java:180) - getRaw real, comp: {09870916-25e8-4dd6-9f73-e77f5cad4edb}.sensor2 indices: [503511] got values: [31.000000000000007]
TRACE [Thread-2] (Util.java:176) - getRaw real, comp: {9737bfcb-3243-4f09-ac5c-9ac4872e3d94}.sensor1 indices: [503511]
TRACE [Thread-2] (Util.java:180) - getRaw real, comp: {9737bfcb-3243-4f09-ac5c-9ac4872e3d94}.sensor1 indices: [503511] got values: [255.00000000000006]
 INFO [Thread-2] (CoeSimulator.scala:179) - DoStep at: 4.247999999999753 Completed with: ok
 INFO [Thread-2] (CoeSimulator.scala:182) - Freeing serilized states from: 4.247999999999753
TRACE [Thread-2] (CoeSimulator.scala:185) - Map({94874951-8049-4bed-a719-067e97f77eb4}.body -> Time 4.247999999999753, StateId null, Derivatives null, StateMap(robot_z -> 0.0, robot_theta -> -0.016195332988814218, robot_x -> 0.13618583975536316, robot_y -> 0.13809089935988483), {05340cf2-0421-4676-aca2-9b0c4f77146a}.controller -> Time 4.247999999999753, StateId null, Derivatives null, StateMap(servoRightVal -> -0.5, servoLeftVal -> 0.1), {09870916-25e8-4dd6-9f73-e77f5cad4edb}.sensor2 -> Time 4.247999999999753, StateId null, Derivatives null, StateMap(lf_1_sensor_reading -> 31.000000000000007), {9737bfcb-3243-4f09-ac5c-9ac4872e3d94}.sensor1 -> Time 4.247999999999753, StateId null, Derivatives null, StateMap(lf_1_sensor_reading -> 255.00000000000006))
TRACE [Thread-2] (CoeSimulator.scala:133) - Estimage derivatives to min order 2
TRACE [Thread-2] (CoeSimulator.scala:136) - Resolving inputs for doStep
TRACE [Thread-2] (CoeSimulator.scala:139) - Setting inputs
TRACE [Thread-2] (Util.java:92) - setRaw with comp: {9737bfcb-3243-4f09-ac5c-9ac4872e3d94}.sensor1, type: Real, indices: [503512, 503513, 503514, 503515], values: [-0.016195332988814218, 0.13618583975536316, 0.13809089935988483, 0.0]
TRACE [Thread-2] (Util.java:92) - setRaw with comp: {09870916-25e8-4dd6-9f73-e77f5cad4edb}.sensor2, type: Real, indices: [503512, 503513, 503514, 503515], values: [-0.016195332988814218, 0.13618583975536316, 0.13809089935988483, 0.0]
TRACE [Thread-2] (Util.java:92) - setRaw with comp: {94874951-8049-4bed-a719-067e97f77eb4}.body, type: Real, indices: [193, 194], values: [0.1, -0.5]
TRACE [Thread-2] (Util.java:92) - setRaw with comp: {05340cf2-0421-4676-aca2-9b0c4f77146a}.controller, type: Real, indices: [0, 3], values: [255.00000000000006, 31.000000000000007]
TRACE [Thread-2] (CoeSimulator.scala:144) - Calculating stepsize
TRACE [Thread-2] (BasicFixedStepSizeCalculator.scala:25) - Calculating the stepsize for the fixed step size calculator
TRACE [Thread-2] (CoeSimulator.scala:242) - Calling doStep
TRACE [Thread-2] (Util.java:176) - getRaw real, comp: {94874951-8049-4bed-a719-067e97f77eb4}.body indices: [186, 187, 188, 189]
TRACE [Thread-2] (Util.java:180) - getRaw real, comp: {94874951-8049-4bed-a719-067e97f77eb4}.body indices: [186, 187, 188, 189] got values: [-0.01562776350318272, 0.1361761887425432, 0.13814273021749035, 0.0]
TRACE [Thread-2] (Util.java:176) - getRaw real, comp: {05340cf2-0421-4676-aca2-9b0c4f77146a}.controller indices: [1, 2]
TRACE [Thread-2] (Util.java:180) - getRaw real, comp: {05340cf2-0421-4676-aca2-9b0c4f77146a}.controller indices: [1, 2] got values: [0.1, -0.5]
TRACE [Thread-2] (Util.java:176) - getRaw real, comp: {09870916-25e8-4dd6-9f73-e77f5cad4edb}.sensor2 indices: [503511]
TRACE [Thread-2] (Util.java:180) - getRaw real, comp: {09870916-25e8-4dd6-9f73-e77f5cad4edb}.sensor2 indices: [503511] got values: [31.000000000000007]
TRACE [Thread-2] (Util.java:176) - getRaw real, comp: {9737bfcb-3243-4f09-ac5c-9ac4872e3d94}.sensor1 indices: [503511]
TRACE [Thread-2] (Util.java:180) - getRaw real, comp: {9737bfcb-3243-4f09-ac5c-9ac4872e3d94}.sensor1 indices: [503511] got values: [255.00000000000006]
 INFO [Thread-2] (CoeSimulator.scala:179) - DoStep at: 4.248999999999754 Completed with: ok
 INFO [Thread-2] (CoeSimulator.scala:182) - Freeing serilized states from: 4.248999999999754
TRACE [Thread-2] (CoeSimulator.scala:185) - Map({94874951-8049-4bed-a719-067e97f77eb4}.body -> Time 4.248999999999754, StateId null, Derivatives null, StateMap(robot_z -> 0.0, robot_theta -> -0.01562776350318272, robot_x -> 0.1361761887425432, robot_y -> 0.13814273021749035), {05340cf2-0421-4676-aca2-9b0c4f77146a}.controller -> Time 4.248999999999754, StateId null, Derivatives null, StateMap(servoRightVal -> -0.5, servoLeftVal -> 0.1), {09870916-25e8-4dd6-9f73-e77f5cad4edb}.sensor2 -> Time 4.248999999999754, StateId null, Derivatives null, StateMap(lf_1_sensor_reading -> 31.000000000000007), {9737bfcb-3243-4f09-ac5c-9ac4872e3d94}.sensor1 -> Time 4.248999999999754, StateId null, Derivatives null, StateMap(lf_1_sensor_reading -> 255.00000000000006))
TRACE [Thread-2] (CoeSimulator.scala:133) - Estimage derivatives to min order 2
TRACE [Thread-2] (CoeSimulator.scala:136) - Resolving inputs for doStep
TRACE [Thread-2] (CoeSimulator.scala:139) - Setting inputs
TRACE [Thread-2] (Util.java:92) - setRaw with comp: {9737bfcb-3243-4f09-ac5c-9ac4872e3d94}.sensor1, type: Real, indices: [503512, 503513, 503514, 503515], values: [-0.01562776350318272, 0.1361761887425432, 0.13814273021749035, 0.0]
TRACE [Thread-2] (Util.java:92) - setRaw with comp: {09870916-25e8-4dd6-9f73-e77f5cad4edb}.sensor2, type: Real, indices: [503512, 503513, 503514, 503515], values: [-0.01562776350318272, 0.1361761887425432, 0.13814273021749035, 0.0]
TRACE [Thread-2] (Util.java:92) - setRaw with comp: {94874951-8049-4bed-a719-067e97f77eb4}.body, type: Real, indices: [193, 194], values: [0.1, -0.5]
TRACE [Thread-2] (Util.java:92) - setRaw with comp: {05340cf2-0421-4676-aca2-9b0c4f77146a}.controller, type: Real, indices: [0, 3], values: [255.00000000000006, 31.000000000000007]
TRACE [Thread-2] (CoeSimulator.scala:144) - Calculating stepsize
TRACE [Thread-2] (BasicFixedStepSizeCalculator.scala:25) - Calculating the stepsize for the fixed step size calculator
TRACE [Thread-2] (CoeSimulator.scala:242) - Calling doStep
TRACE [Thread-2] (Util.java:176) - getRaw real, comp: {94874951-8049-4bed-a719-067e97f77eb4}.body indices: [186, 187, 188, 189]
TRACE [Thread-2] (Util.java:180) - getRaw real, comp: {94874951-8049-4bed-a719-067e97f77eb4}.body indices: [186, 187, 188, 189] got values: [-0.01505384386447042, 0.1361663909358614, 0.13819455749597764, 0.0]
TRACE [Thread-2] (Util.java:176) - getRaw real, comp: {05340cf2-0421-4676-aca2-9b0c4f77146a}.controller indices: [1, 2]
TRACE [Thread-2] (Util.java:180) - getRaw real, comp: {05340cf2-0421-4676-aca2-9b0c4f77146a}.controller indices: [1, 2] got values: [0.1, -0.5]
TRACE [Thread-2] (Util.java:176) - getRaw real, comp: {09870916-25e8-4dd6-9f73-e77f5cad4edb}.sensor2 indices: [503511]
TRACE [Thread-2] (Util.java:180) - getRaw real, comp: {09870916-25e8-4dd6-9f73-e77f5cad4edb}.sensor2 indices: [503511] got values: [31.000000000000007]
TRACE [Thread-2] (Util.java:176) - getRaw real, comp: {9737bfcb-3243-4f09-ac5c-9ac4872e3d94}.sensor1 indices: [503511]
TRACE [Thread-2] (Util.java:180) - getRaw real, comp: {9737bfcb-3243-4f09-ac5c-9ac4872e3d94}.sensor1 indices: [503511] got values: [255.00000000000006]
 INFO [Thread-2] (CoeSimulator.scala:179) - DoStep at: 4.249999999999754 Completed with: ok
 INFO [Thread-2] (CoeSimulator.scala:182) - Freeing serilized states from: 4.249999999999754
TRACE [Thread-2] (CoeSimulator.scala:185) - Map({94874951-8049-4bed-a719-067e97f77eb4}.body -> Time 4.249999999999754, StateId null, Derivatives null, StateMap(robot_z -> 0.0, robot_theta -> -0.01505384386447042, robot_x -> 0.1361663909358614, robot_y -> 0.13819455749597764), {05340cf2-0421-4676-aca2-9b0c4f77146a}.controller -> Time 4.249999999999754, StateId null, Derivatives null, StateMap(servoRightVal -> -0.5, servoLeftVal -> 0.1), {09870916-25e8-4dd6-9f73-e77f5cad4edb}.sensor2 -> Time 4.249999999999754, StateId null, Derivatives null, StateMap(lf_1_sensor_reading -> 31.000000000000007), {9737bfcb-3243-4f09-ac5c-9ac4872e3d94}.sensor1 -> Time 4.249999999999754, StateId null, Derivatives null, StateMap(lf_1_sensor_reading -> 255.00000000000006))
TRACE [Thread-2] (CoeSimulator.scala:133) - Estimage derivatives to min order 2
TRACE [Thread-2] (CoeSimulator.scala:136) - Resolving inputs for doStep
TRACE [Thread-2] (CoeSimulator.scala:139) - Setting inputs
TRACE [Thread-2] (Util.java:92) - setRaw with comp: {9737bfcb-3243-4f09-ac5c-9ac4872e3d94}.sensor1, type: Real, indices: [503512, 503513, 503514, 503515], values: [-0.01505384386447042, 0.1361663909358614, 0.13819455749597764, 0.0]
TRACE [Thread-2] (Util.java:92) - setRaw with comp: {09870916-25e8-4dd6-9f73-e77f5cad4edb}.sensor2, type: Real, indices: [503512, 503513, 503514, 503515], values: [-0.01505384386447042, 0.1361663909358614, 0.13819455749597764, 0.0]
TRACE [Thread-2] (Util.java:92) - setRaw with comp: {94874951-8049-4bed-a719-067e97f77eb4}.body, type: Real, indices: [193, 194], values: [0.1, -0.5]
TRACE [Thread-2] (Util.java:92) - setRaw with comp: {05340cf2-0421-4676-aca2-9b0c4f77146a}.controller, type: Real, indices: [0, 3], values: [255.00000000000006, 31.000000000000007]
TRACE [Thread-2] (CoeSimulator.scala:144) - Calculating stepsize
TRACE [Thread-2] (BasicFixedStepSizeCalculator.scala:25) - Calculating the stepsize for the fixed step size calculator
TRACE [Thread-2] (CoeSimulator.scala:242) - Calling doStep
TRACE [Thread-2] (Util.java:176) - getRaw real, comp: {94874951-8049-4bed-a719-067e97f77eb4}.body indices: [186, 187, 188, 189]
TRACE [Thread-2] (Util.java:180) - getRaw real, comp: {94874951-8049-4bed-a719-067e97f77eb4}.body indices: [186, 187, 188, 189] got values: [-0.014473871822919529, 0.1361564515109259, 0.13824638089361146, 0.0]
TRACE [Thread-2] (Util.java:176) - getRaw real, comp: {05340cf2-0421-4676-aca2-9b0c4f77146a}.controller indices: [1, 2]
TRACE [Thread-2] (Util.java:180) - getRaw real, comp: {05340cf2-0421-4676-aca2-9b0c4f77146a}.controller indices: [1, 2] got values: [0.1, -0.5]
TRACE [Thread-2] (Util.java:176) - getRaw real, comp: {09870916-25e8-4dd6-9f73-e77f5cad4edb}.sensor2 indices: [503511]
TRACE [Thread-2] (Util.java:180) - getRaw real, comp: {09870916-25e8-4dd6-9f73-e77f5cad4edb}.sensor2 indices: [503511] got values: [36.00000000000001]
TRACE [Thread-2] (Util.java:176) - getRaw real, comp: {9737bfcb-3243-4f09-ac5c-9ac4872e3d94}.sensor1 indices: [503511]
TRACE [Thread-2] (Util.java:180) - getRaw real, comp: {9737bfcb-3243-4f09-ac5c-9ac4872e3d94}.sensor1 indices: [503511] got values: [255.00000000000006]
 INFO [Thread-2] (CoeSimulator.scala:179) - DoStep at: 4.250999999999754 Completed with: ok
 INFO [Thread-2] (CoeSimulator.scala:182) - Freeing serilized states from: 4.250999999999754
TRACE [Thread-2] (CoeSimulator.scala:185) - Map({94874951-8049-4bed-a719-067e97f77eb4}.body -> Time 4.250999999999754, StateId null, Derivatives null, StateMap(robot_z -> 0.0, robot_theta -> -0.014473871822919529, robot_x -> 0.1361564515109259, robot_y -> 0.13824638089361146), {05340cf2-0421-4676-aca2-9b0c4f77146a}.controller -> Time 4.250999999999754, StateId null, Derivatives null, StateMap(servoRightVal -> -0.5, servoLeftVal -> 0.1), {09870916-25e8-4dd6-9f73-e77f5cad4edb}.sensor2 -> Time 4.250999999999754, StateId null, Derivatives null, StateMap(lf_1_sensor_reading -> 36.00000000000001), {9737bfcb-3243-4f09-ac5c-9ac4872e3d94}.sensor1 -> Time 4.250999999999754, StateId null, Derivatives null, StateMap(lf_1_sensor_reading -> 255.00000000000006))
TRACE [Thread-2] (CoeSimulator.scala:133) - Estimage derivatives to min order 2
TRACE [Thread-2] (CoeSimulator.scala:136) - Resolving inputs for doStep
TRACE [Thread-2] (CoeSimulator.scala:139) - Setting inputs
TRACE [Thread-2] (Util.java:92) - setRaw with comp: {9737bfcb-3243-4f09-ac5c-9ac4872e3d94}.sensor1, type: Real, indices: [503512, 503513, 503514, 503515], values: [-0.014473871822919529, 0.1361564515109259, 0.13824638089361146, 0.0]
TRACE [Thread-2] (Util.java:92) - setRaw with comp: {09870916-25e8-4dd6-9f73-e77f5cad4edb}.sensor2, type: Real, indices: [503512, 503513, 503514, 503515], values: [-0.014473871822919529, 0.1361564515109259, 0.13824638089361146, 0.0]
TRACE [Thread-2] (Util.java:92) - setRaw with comp: {94874951-8049-4bed-a719-067e97f77eb4}.body, type: Real, indices: [193, 194], values: [0.1, -0.5]
TRACE [Thread-2] (Util.java:92) - setRaw with comp: {05340cf2-0421-4676-aca2-9b0c4f77146a}.controller, type: Real, indices: [0, 3], values: [255.00000000000006, 36.00000000000001]
TRACE [Thread-2] (CoeSimulator.scala:144) - Calculating stepsize
TRACE [Thread-2] (BasicFixedStepSizeCalculator.scala:25) - Calculating the stepsize for the fixed step size calculator
TRACE [Thread-2] (CoeSimulator.scala:242) - Calling doStep
TRACE [Thread-2] (Util.java:176) - getRaw real, comp: {94874951-8049-4bed-a719-067e97f77eb4}.body indices: [186, 187, 188, 189]
TRACE [Thread-2] (Util.java:180) - getRaw real, comp: {94874951-8049-4bed-a719-067e97f77eb4}.body indices: [186, 187, 188, 189] got values: [-0.013888131167587586, 0.13614637540105798, 0.13829820012239624, 0.0]
TRACE [Thread-2] (Util.java:176) - getRaw real, comp: {05340cf2-0421-4676-aca2-9b0c4f77146a}.controller indices: [1, 2]
TRACE [Thread-2] (Util.java:180) - getRaw real, comp: {05340cf2-0421-4676-aca2-9b0c4f77146a}.controller indices: [1, 2] got values: [0.1, -0.5]
TRACE [Thread-2] (Util.java:176) - getRaw real, comp: {09870916-25e8-4dd6-9f73-e77f5cad4edb}.sensor2 indices: [503511]
TRACE [Thread-2] (Util.java:180) - getRaw real, comp: {09870916-25e8-4dd6-9f73-e77f5cad4edb}.sensor2 indices: [503511] got values: [36.00000000000001]
TRACE [Thread-2] (Util.java:176) - getRaw real, comp: {9737bfcb-3243-4f09-ac5c-9ac4872e3d94}.sensor1 indices: [503511]
TRACE [Thread-2] (Util.java:180) - getRaw real, comp: {9737bfcb-3243-4f09-ac5c-9ac4872e3d94}.sensor1 indices: [503511] got values: [255.00000000000006]
 INFO [Thread-2] (CoeSimulator.scala:179) - DoStep at: 4.251999999999755 Completed with: ok
 INFO [Thread-2] (CoeSimulator.scala:182) - Freeing serilized states from: 4.251999999999755
TRACE [Thread-2] (CoeSimulator.scala:185) - Map({94874951-8049-4bed-a719-067e97f77eb4}.body -> Time 4.251999999999755, StateId null, Derivatives null, StateMap(robot_z -> 0.0, robot_theta -> -0.013888131167587586, robot_x -> 0.13614637540105798, robot_y -> 0.13829820012239624), {05340cf2-0421-4676-aca2-9b0c4f77146a}.controller -> Time 4.251999999999755, StateId null, Derivatives null, StateMap(servoRightVal -> -0.5, servoLeftVal -> 0.1), {09870916-25e8-4dd6-9f73-e77f5cad4edb}.sensor2 -> Time 4.251999999999755, StateId null, Derivatives null, StateMap(lf_1_sensor_reading -> 36.00000000000001), {9737bfcb-3243-4f09-ac5c-9ac4872e3d94}.sensor1 -> Time 4.251999999999755, StateId null, Derivatives null, StateMap(lf_1_sensor_reading -> 255.00000000000006))
TRACE [Thread-2] (CoeSimulator.scala:133) - Estimage derivatives to min order 2
TRACE [Thread-2] (CoeSimulator.scala:136) - Resolving inputs for doStep
TRACE [Thread-2] (CoeSimulator.scala:139) - Setting inputs
TRACE [Thread-2] (Util.java:92) - setRaw with comp: {9737bfcb-3243-4f09-ac5c-9ac4872e3d94}.sensor1, type: Real, indices: [503512, 503513, 503514, 503515], values: [-0.013888131167587586, 0.13614637540105798, 0.13829820012239624, 0.0]
TRACE [Thread-2] (Util.java:92) - setRaw with comp: {09870916-25e8-4dd6-9f73-e77f5cad4edb}.sensor2, type: Real, indices: [503512, 503513, 503514, 503515], values: [-0.013888131167587586, 0.13614637540105798, 0.13829820012239624, 0.0]
TRACE [Thread-2] (Util.java:92) - setRaw with comp: {94874951-8049-4bed-a719-067e97f77eb4}.body, type: Real, indices: [193, 194], values: [0.1, -0.5]
TRACE [Thread-2] (Util.java:92) - setRaw with comp: {05340cf2-0421-4676-aca2-9b0c4f77146a}.controller, type: Real, indices: [0, 3], values: [255.00000000000006, 36.00000000000001]
TRACE [Thread-2] (CoeSimulator.scala:144) - Calculating stepsize
TRACE [Thread-2] (BasicFixedStepSizeCalculator.scala:25) - Calculating the stepsize for the fixed step size calculator
TRACE [Thread-2] (CoeSimulator.scala:242) - Calling doStep
TRACE [Thread-2] (Util.java:176) - getRaw real, comp: {94874951-8049-4bed-a719-067e97f77eb4}.body indices: [186, 187, 188, 189]
TRACE [Thread-2] (Util.java:180) - getRaw real, comp: {94874951-8049-4bed-a719-067e97f77eb4}.body indices: [186, 187, 188, 189] got values: [-0.01329689238100044, 0.1361361673086545, 0.13835001490752225, 0.0]
TRACE [Thread-2] (Util.java:176) - getRaw real, comp: {05340cf2-0421-4676-aca2-9b0c4f77146a}.controller indices: [1, 2]
TRACE [Thread-2] (Util.java:180) - getRaw real, comp: {05340cf2-0421-4676-aca2-9b0c4f77146a}.controller indices: [1, 2] got values: [0.1, -0.5]
TRACE [Thread-2] (Util.java:176) - getRaw real, comp: {09870916-25e8-4dd6-9f73-e77f5cad4edb}.sensor2 indices: [503511]
TRACE [Thread-2] (Util.java:180) - getRaw real, comp: {09870916-25e8-4dd6-9f73-e77f5cad4edb}.sensor2 indices: [503511] got values: [36.00000000000001]
TRACE [Thread-2] (Util.java:176) - getRaw real, comp: {9737bfcb-3243-4f09-ac5c-9ac4872e3d94}.sensor1 indices: [503511]
TRACE [Thread-2] (Util.java:180) - getRaw real, comp: {9737bfcb-3243-4f09-ac5c-9ac4872e3d94}.sensor1 indices: [503511] got values: [255.00000000000006]
 INFO [Thread-2] (CoeSimulator.scala:179) - DoStep at: 4.252999999999755 Completed with: ok
 INFO [Thread-2] (CoeSimulator.scala:182) - Freeing serilized states from: 4.252999999999755
TRACE [Thread-2] (CoeSimulator.scala:185) - Map({94874951-8049-4bed-a719-067e97f77eb4}.body -> Time 4.252999999999755, StateId null, Derivatives null, StateMap(robot_z -> 0.0, robot_theta -> -0.01329689238100044, robot_x -> 0.1361361673086545, robot_y -> 0.13835001490752225), {05340cf2-0421-4676-aca2-9b0c4f77146a}.controller -> Time 4.252999999999755, StateId null, Derivatives null, StateMap(servoRightVal -> -0.5, servoLeftVal -> 0.1), {09870916-25e8-4dd6-9f73-e77f5cad4edb}.sensor2 -> Time 4.252999999999755, StateId null, Derivatives null, StateMap(lf_1_sensor_reading -> 36.00000000000001), {9737bfcb-3243-4f09-ac5c-9ac4872e3d94}.sensor1 -> Time 4.252999999999755, StateId null, Derivatives null, StateMap(lf_1_sensor_reading -> 255.00000000000006))
